<?xml version="1.0" encoding="UTF-8"?>
<!-- Generated by org.testng.reporters.JUnitReportReporter -->
<testsuite failures="0" tests="3" name="com.crm.qa.testcases.HomePageTest" time="15.046" errors="0" timestamp="27 Nov 2022 22:43:57 GMT" skipped="0">
  <testcase classname="com.crm.qa.testcases.HomePageTest" name="verifyHomePageTitleTest" time="3.625"/>
  <testcase classname="com.crm.qa.testcases.HomePageTest" name="verifyUserNameTest" time="4.381"/>
  <testcase classname="com.crm.qa.testcases.HomePageTest" name="verifyContactsLinkTest" time="7.040"/>
</testsuite> <!-- com.crm.qa.testcases.HomePageTest -->
