<?xml version="1.0" encoding="UTF-8"?>
<!-- Generated by org.testng.reporters.JUnitReportReporter -->
<testsuite failures="0" tests="2" name="com.crm.qa.testcases.LoginPageTest" time="7.838" errors="0" timestamp="27 Nov 2022 22:43:57 GMT" skipped="0">
  <testcase classname="com.crm.qa.testcases.LoginPageTest" name="loginPageTitleTest" time="3.444"/>
  <testcase classname="com.crm.qa.testcases.LoginPageTest" name="loginTest" time="4.394"/>
</testsuite> <!-- com.crm.qa.testcases.LoginPageTest -->
